INFO:vacuum.world:env reset:
INFO:vacuum.world:rooms 3, clean 1, dirty 2
INFO:vacuum.world:agent start location [1 1]
INFO:__main__:{'grid': array([['#', '.', '#'],
       ['x', 'x', '#'],
       ['#', '#', '#']], dtype='<U1'), 'dirt_comeback': True, 'dirt_proba': 0.09, 'murphy_proba': 0.11, 'location_sensor': True, 'episode_max_steps': 100, 'render_mode': 'human'}
INFO:__main__:[info] map:'vacuum-3rooms-v1'' policy:'greedy' location_sensor:'True' eps:1		 max_steps:100
INFO:vacuum.world:env reset:
INFO:vacuum.world:rooms 3, clean 1, dirty 2
INFO:vacuum.world:agent start location [1 1]
INFO:vacuum.world:action: 'suck'
INFO:vacuum.world:action 'suck' succeeded!
INFO:vacuum.world:room (np.int64(1), np.int64(1)) is cleaned!
INFO:vacuum.world:action: 'suck'
INFO:vacuum.world:action 'suck' succeeded!
INFO:vacuum.world:room (np.int64(1), np.int64(1)) is cleaned!
INFO:vacuum.world:action: 'left'
INFO:vacuum.world:action 'left' succeeded!
INFO:vacuum.world:agent moved to (0,1)
INFO:vacuum.world:action: 'suck'
INFO:vacuum.world:action 'suck' succeeded!
INFO:vacuum.world:room (np.int64(0), np.int64(1)) is cleaned!
INFO:vacuum.world:action: 'right'
INFO:vacuum.world:action 'right' failed!
INFO:vacuum.world:movement failed! (Murphy law) :(
INFO:vacuum.world:action: 'right'
INFO:vacuum.world:action 'right' succeeded!
INFO:vacuum.world:agent moved to (1,1)
INFO:vacuum.world:action: 'up'
INFO:vacuum.world:action 'up' succeeded!
INFO:vacuum.world:agent moved to (1,0)
INFO:vacuum.world:action: 'suck'
INFO:vacuum.world:action 'suck' succeeded!
INFO:vacuum.world:room (np.int64(1), np.int64(0)) is cleaned!
INFO:vacuum.world:action: 'down'
INFO:vacuum.world:action 'down' succeeded!
INFO:vacuum.world:agent moved to (1,1)
INFO:vacuum.world:action: 'left'
INFO:vacuum.world:action 'left' succeeded!
INFO:vacuum.world:agent moved to (0,1)
INFO:vacuum.world:action: 'right'
INFO:vacuum.world:action 'right' succeeded!
INFO:vacuum.world:agent moved to (1,1)
INFO:vacuum.world:action: 'up'
INFO:vacuum.world:action 'up' succeeded!
INFO:vacuum.world:agent moved to (1,0)
INFO:vacuum.world:action: 'down'
INFO:vacuum.world:action 'down' succeeded!
INFO:vacuum.world:agent moved to (1,1)
INFO:vacuum.world:action: 'suck'
INFO:vacuum.world:action 'suck' succeeded!
INFO:vacuum.world:room (np.int64(1), np.int64(1)) is cleaned!
INFO:vacuum.world:action: 'left'
INFO:vacuum.world:action 'left' succeeded!
INFO:vacuum.world:agent moved to (0,1)
INFO:vacuum.world:action: 'right'
INFO:vacuum.world:action 'right' failed!
INFO:vacuum.world:movement failed! (Murphy law) :(
INFO:vacuum.world:action: 'right'
INFO:vacuum.world:action 'right' failed!
INFO:vacuum.world:movement failed! (Murphy law) :(
INFO:vacuum.world:action: 'right'
INFO:vacuum.world:action 'right' succeeded!
INFO:vacuum.world:agent moved to (1,1)
INFO:vacuum.world:action: 'up'
INFO:vacuum.world:action 'up' succeeded!
INFO:vacuum.world:agent moved to (1,0)
INFO:vacuum.world:action: 'suck'
INFO:vacuum.world:action 'suck' succeeded!
INFO:vacuum.world:room (np.int64(1), np.int64(0)) is cleaned!
INFO:vacuum.world:action: 'down'
INFO:vacuum.world:action 'down' succeeded!
INFO:vacuum.world:agent moved to (1,1)
INFO:vacuum.world:action: 'left'
INFO:vacuum.world:action 'left' succeeded!
INFO:vacuum.world:agent moved to (0,1)
INFO:vacuum.world:action: 'right'
INFO:vacuum.world:action 'right' succeeded!
INFO:vacuum.world:agent moved to (1,1)
INFO:vacuum.world:action: 'up'
INFO:vacuum.world:action 'up' succeeded!
INFO:vacuum.world:agent moved to (1,0)
INFO:vacuum.world:action: 'down'
INFO:vacuum.world:action 'down' succeeded!
INFO:vacuum.world:agent moved to (1,1)
INFO:vacuum.world:action: 'left'
INFO:vacuum.world:action 'left' succeeded!
INFO:vacuum.world:agent moved to (0,1)
INFO:vacuum.world:action: 'right'
INFO:vacuum.world:action 'right' succeeded!
INFO:vacuum.world:agent moved to (1,1)
INFO:vacuum.world:action: 'up'
INFO:vacuum.world:action 'up' succeeded!
INFO:vacuum.world:agent moved to (1,0)
INFO:vacuum.world:action: 'suck'
INFO:vacuum.world:action 'suck' succeeded!
INFO:vacuum.world:room (np.int64(1), np.int64(0)) is cleaned!
INFO:vacuum.world:action: 'down'
INFO:vacuum.world:action 'down' failed!
INFO:vacuum.world:movement failed! (Murphy law) :(
INFO:vacuum.world:action: 'down'
INFO:vacuum.world:action 'down' succeeded!
INFO:vacuum.world:agent moved to (1,1)
INFO:vacuum.world:action: 'suck'
INFO:vacuum.world:action 'suck' succeeded!
INFO:vacuum.world:room (np.int64(1), np.int64(1)) is cleaned!
INFO:vacuum.world:action: 'suck'
INFO:vacuum.world:action 'suck' succeeded!
INFO:vacuum.world:room (np.int64(1), np.int64(1)) is cleaned!
INFO:vacuum.world:action: 'left'
INFO:vacuum.world:action 'left' succeeded!
INFO:vacuum.world:agent moved to (0,1)
INFO:vacuum.world:action: 'suck'
INFO:vacuum.world:action 'suck' succeeded!
INFO:vacuum.world:room (np.int64(0), np.int64(1)) is cleaned!
INFO:vacuum.world:action: 'right'
INFO:vacuum.world:action 'right' succeeded!
INFO:vacuum.world:agent moved to (1,1)
INFO:vacuum.world:action: 'up'
INFO:vacuum.world:action 'up' succeeded!
INFO:vacuum.world:agent moved to (1,0)
INFO:vacuum.world:action: 'suck'
INFO:vacuum.world:action 'suck' succeeded!
INFO:vacuum.world:room (np.int64(1), np.int64(0)) is cleaned!
INFO:vacuum.world:action: 'down'
INFO:vacuum.world:action 'down' succeeded!
INFO:vacuum.world:agent moved to (1,1)
INFO:vacuum.world:action: 'left'
INFO:vacuum.world:action 'left' succeeded!
INFO:vacuum.world:agent moved to (0,1)
INFO:vacuum.world:action: 'right'
INFO:vacuum.world:action 'right' succeeded!
INFO:vacuum.world:agent moved to (1,1)
INFO:vacuum.world:action: 'up'
INFO:vacuum.world:action 'up' succeeded!
INFO:vacuum.world:agent moved to (1,0)
INFO:vacuum.world:action: 'down'
INFO:vacuum.world:action 'down' succeeded!
INFO:vacuum.world:agent moved to (1,1)
INFO:vacuum.world:action: 'suck'
INFO:vacuum.world:action 'suck' succeeded!
INFO:vacuum.world:room (np.int64(1), np.int64(1)) is cleaned!
INFO:vacuum.world:action: 'left'
INFO:vacuum.world:action 'left' succeeded!
INFO:vacuum.world:agent moved to (0,1)
INFO:vacuum.world:action: 'suck'
INFO:vacuum.world:action 'suck' succeeded!
INFO:vacuum.world:room (np.int64(0), np.int64(1)) is cleaned!
INFO:vacuum.world:action: 'right'
INFO:vacuum.world:action 'right' succeeded!
INFO:vacuum.world:agent moved to (1,1)
INFO:vacuum.world:action: 'suck'
INFO:vacuum.world:action 'suck' succeeded!
INFO:vacuum.world:room (np.int64(1), np.int64(1)) is cleaned!
INFO:vacuum.world:action: 'up'
INFO:vacuum.world:action 'up' succeeded!
INFO:vacuum.world:agent moved to (1,0)
INFO:vacuum.world:action: 'suck'
INFO:vacuum.world:action 'suck' succeeded!
INFO:vacuum.world:room (np.int64(1), np.int64(0)) is cleaned!
INFO:vacuum.world:action: 'down'
INFO:vacuum.world:action 'down' succeeded!
INFO:vacuum.world:agent moved to (1,1)
INFO:vacuum.world:action: 'left'
INFO:vacuum.world:action 'left' succeeded!
INFO:vacuum.world:agent moved to (0,1)
INFO:vacuum.world:action: 'right'
INFO:vacuum.world:action 'right' succeeded!
INFO:vacuum.world:agent moved to (1,1)
INFO:vacuum.world:action: 'up'
INFO:vacuum.world:action 'up' succeeded!
INFO:vacuum.world:agent moved to (1,0)
INFO:vacuum.world:action: 'down'
INFO:vacuum.world:action 'down' succeeded!
INFO:vacuum.world:agent moved to (1,1)
INFO:vacuum.world:action: 'left'
INFO:vacuum.world:action 'left' succeeded!
INFO:vacuum.world:agent moved to (0,1)
INFO:vacuum.world:action: 'right'
INFO:vacuum.world:action 'right' failed!
INFO:vacuum.world:movement failed! (Murphy law) :(
INFO:vacuum.world:action: 'right'
INFO:vacuum.world:action 'right' succeeded!
INFO:vacuum.world:agent moved to (1,1)
INFO:vacuum.world:action: 'up'
INFO:vacuum.world:action 'up' succeeded!
INFO:vacuum.world:agent moved to (1,0)
INFO:vacuum.world:action: 'suck'
INFO:vacuum.world:action 'suck' succeeded!
INFO:vacuum.world:room (np.int64(1), np.int64(0)) is cleaned!
INFO:vacuum.world:action: 'down'
INFO:vacuum.world:action 'down' succeeded!
INFO:vacuum.world:agent moved to (1,1)
INFO:vacuum.world:action: 'left'
INFO:vacuum.world:action 'left' failed!
INFO:vacuum.world:movement failed! (Murphy law) :(
INFO:vacuum.world:action: 'suck'
INFO:vacuum.world:action 'suck' succeeded!
INFO:vacuum.world:room (np.int64(1), np.int64(1)) is cleaned!
INFO:vacuum.world:action: 'left'
INFO:vacuum.world:action 'left' succeeded!
INFO:vacuum.world:agent moved to (0,1)
INFO:vacuum.world:action: 'suck'
INFO:vacuum.world:action 'suck' succeeded!
INFO:vacuum.world:room (np.int64(0), np.int64(1)) is cleaned!
INFO:vacuum.world:action: 'suck'
INFO:vacuum.world:action 'suck' succeeded!
INFO:vacuum.world:room (np.int64(0), np.int64(1)) is cleaned!
INFO:vacuum.world:action: 'right'
INFO:vacuum.world:action 'right' succeeded!
INFO:vacuum.world:agent moved to (1,1)
INFO:vacuum.world:action: 'up'
INFO:vacuum.world:action 'up' succeeded!
INFO:vacuum.world:agent moved to (1,0)
INFO:vacuum.world:action: 'suck'
INFO:vacuum.world:action 'suck' failed!
INFO:vacuum.world:room (np.int64(1), np.int64(0)) remains dirty!
INFO:vacuum.world:action: 'suck'
INFO:vacuum.world:action 'suck' succeeded!
INFO:vacuum.world:room (np.int64(1), np.int64(0)) is cleaned!
INFO:vacuum.world:action: 'down'
INFO:vacuum.world:action 'down' succeeded!
INFO:vacuum.world:agent moved to (1,1)
INFO:vacuum.world:action: 'left'
INFO:vacuum.world:action 'left' succeeded!
INFO:vacuum.world:agent moved to (0,1)
INFO:vacuum.world:action: 'right'
INFO:vacuum.world:action 'right' succeeded!
INFO:vacuum.world:agent moved to (1,1)
INFO:vacuum.world:action: 'suck'
INFO:vacuum.world:action 'suck' succeeded!
INFO:vacuum.world:room (np.int64(1), np.int64(1)) is cleaned!
INFO:vacuum.world:action: 'up'
INFO:vacuum.world:action 'up' succeeded!
INFO:vacuum.world:agent moved to (1,0)
INFO:vacuum.world:action: 'suck'
INFO:vacuum.world:action 'suck' succeeded!
INFO:vacuum.world:room (np.int64(1), np.int64(0)) is cleaned!
INFO:vacuum.world:action: 'down'
INFO:vacuum.world:action 'down' succeeded!
INFO:vacuum.world:agent moved to (1,1)
INFO:vacuum.world:action: 'left'
INFO:vacuum.world:action 'left' succeeded!
INFO:vacuum.world:agent moved to (0,1)
INFO:vacuum.world:action: 'right'
INFO:vacuum.world:action 'right' succeeded!
INFO:vacuum.world:agent moved to (1,1)
INFO:vacuum.world:action: 'up'
INFO:vacuum.world:action 'up' succeeded!
INFO:vacuum.world:agent moved to (1,0)
INFO:vacuum.world:action: 'suck'
INFO:vacuum.world:action 'suck' succeeded!
INFO:vacuum.world:room (np.int64(1), np.int64(0)) is cleaned!
INFO:vacuum.world:action: 'down'
INFO:vacuum.world:action 'down' succeeded!
INFO:vacuum.world:agent moved to (1,1)
INFO:vacuum.world:action: 'left'
INFO:vacuum.world:action 'left' succeeded!
INFO:vacuum.world:agent moved to (0,1)
INFO:vacuum.world:action: 'right'
INFO:vacuum.world:action 'right' succeeded!
INFO:vacuum.world:agent moved to (1,1)
INFO:vacuum.world:action: 'up'
INFO:vacuum.world:action 'up' succeeded!
INFO:vacuum.world:agent moved to (1,0)
INFO:vacuum.world:action: 'suck'
INFO:vacuum.world:action 'suck' succeeded!
INFO:vacuum.world:room (np.int64(1), np.int64(0)) is cleaned!
INFO:vacuum.world:action: 'down'
INFO:vacuum.world:action 'down' succeeded!
INFO:vacuum.world:agent moved to (1,1)
INFO:vacuum.world:action: 'left'
INFO:vacuum.world:action 'left' succeeded!
INFO:vacuum.world:agent moved to (0,1)
INFO:vacuum.world:action: 'right'
INFO:vacuum.world:action 'right' succeeded!
INFO:vacuum.world:agent moved to (1,1)
INFO:vacuum.world:action: 'up'
INFO:vacuum.world:action 'up' succeeded!
INFO:vacuum.world:agent moved to (1,0)
INFO:vacuum.world:action: 'suck'
INFO:vacuum.world:action 'suck' succeeded!
INFO:vacuum.world:room (np.int64(1), np.int64(0)) is cleaned!
INFO:vacuum.world:action: 'down'
INFO:vacuum.world:action 'down' succeeded!
INFO:vacuum.world:agent moved to (1,1)
INFO:vacuum.world:action: 'left'
INFO:vacuum.world:action 'left' succeeded!
INFO:vacuum.world:agent moved to (0,1)
INFO:vacuum.world:action: 'right'
INFO:vacuum.world:action 'right' succeeded!
INFO:vacuum.world:agent moved to (1,1)
INFO:vacuum.world:action: 'up'
INFO:vacuum.world:action 'up' succeeded!
INFO:vacuum.world:agent moved to (1,0)
INFO:vacuum.world:action: 'suck'
INFO:vacuum.world:action 'suck' succeeded!
INFO:vacuum.world:room (np.int64(1), np.int64(0)) is cleaned!
INFO:vacuum.world:action: 'suck'
INFO:vacuum.world:action 'suck' succeeded!
INFO:vacuum.world:room (np.int64(1), np.int64(0)) is cleaned!
INFO:vacuum.world:action: 'down'
INFO:vacuum.world:action 'down' failed!
INFO:vacuum.world:movement failed! (Murphy law) :(
INFO:vacuum.world:action: 'down'
INFO:vacuum.world:action 'down' succeeded!
INFO:vacuum.world:agent moved to (1,1)
INFO:vacuum.world:action: 'left'
INFO:vacuum.world:action 'left' succeeded!
INFO:vacuum.world:agent moved to (0,1)
