INFO:vacuum.world:env reset:
INFO:vacuum.world:rooms 4, clean 1, dirty 3
INFO:vacuum.world:agent start location [1 1]
INFO:__main__:{'grid': array([['#', '.', '#'],
       ['x', 'x', 'x'],
       ['#', '#', '#']], dtype='<U1'), 'dirt_comeback': False, 'dirt_proba': 0.09, 'murphy_proba': 0.0, 'location_sensor': True, 'episode_max_steps': 200, 'render_mode': 'human'}
INFO:vacuum.world:env reset:
INFO:vacuum.world:rooms 4, clean 1, dirty 3
INFO:vacuum.world:agent start location [1 1]
INFO:vacuum.world:action: 'suck'
INFO:vacuum.world:action 'suck' succeeded!
INFO:vacuum.world:room (np.int64(1), np.int64(1)) is cleaned!
INFO:vacuum.world:action: 'up'
INFO:vacuum.world:action 'up' succeeded!
INFO:vacuum.world:agent moved to (1,0)
INFO:vacuum.world:action: 'up'
INFO:vacuum.world:action 'up' succeeded!
INFO:vacuum.world:can't move out of boundry, staying in (np.int64(1), np.int64(0))
INFO:vacuum.world:action: 'suck'
INFO:vacuum.world:agent dusting clean room 
INFO:vacuum.world:action 'suck' succeeded!
INFO:vacuum.world:action: 'down'
INFO:vacuum.world:action 'down' succeeded!
INFO:vacuum.world:agent moved to (1,1)
INFO:vacuum.world:action: 'suck'
INFO:vacuum.world:agent dusting clean room 
INFO:vacuum.world:action 'suck' succeeded!
INFO:vacuum.world:action: 'down'
INFO:vacuum.world:action 'down' succeeded!
INFO:vacuum.world:can't move to (1,2)! black room
INFO:vacuum.world:action: 'right'
INFO:vacuum.world:action 'right' succeeded!
INFO:vacuum.world:agent moved to (2,1)
INFO:vacuum.world:action: 'suck'
INFO:vacuum.world:action 'suck' succeeded!
INFO:vacuum.world:room (np.int64(2), np.int64(1)) is cleaned!
INFO:vacuum.world:action: 'suck'
INFO:vacuum.world:agent dusting clean room 
INFO:vacuum.world:action 'suck' succeeded!
INFO:vacuum.world:action: 'suck'
INFO:vacuum.world:agent dusting clean room 
INFO:vacuum.world:action 'suck' succeeded!
INFO:vacuum.world:action: 'down'
INFO:vacuum.world:action 'down' succeeded!
INFO:vacuum.world:can't move to (2,2)! black room
INFO:vacuum.world:action: 'right'
INFO:vacuum.world:action 'right' succeeded!
INFO:vacuum.world:can't move out of boundry, staying in (np.int64(2), np.int64(1))
INFO:vacuum.world:action: 'up'
INFO:vacuum.world:action 'up' succeeded!
INFO:vacuum.world:can't move to (2,0)! black room
INFO:vacuum.world:action: 'left'
INFO:vacuum.world:action 'left' succeeded!
INFO:vacuum.world:agent moved to (1,1)
INFO:vacuum.world:action: 'down'
INFO:vacuum.world:action 'down' succeeded!
INFO:vacuum.world:can't move to (1,2)! black room
INFO:vacuum.world:action: 'left'
INFO:vacuum.world:action 'left' succeeded!
INFO:vacuum.world:agent moved to (0,1)
INFO:vacuum.world:action: 'suck'
INFO:vacuum.world:action 'suck' succeeded!
INFO:vacuum.world:room (np.int64(0), np.int64(1)) is cleaned!
