INFO:vacuum.world:env reset:
INFO:vacuum.world:rooms 8, clean 5, dirty 3
INFO:vacuum.world:agent start location [1 2]
INFO:__main__:{'grid': array([['.', 'x', 'x'],
       ['x', '#', '.'],
       ['.', '.', '.']], dtype='<U1'), 'dirt_comeback': False, 'dirt_proba': 0.09, 'murphy_proba': 0.11, 'location_sensor': True, 'episode_max_steps': 200, 'render_mode': 'human'}
INFO:vacuum.world:env reset:
INFO:vacuum.world:rooms 8, clean 3, dirty 5
INFO:vacuum.world:agent start location [2 0]
INFO:vacuum.world:action: 'suck'
INFO:vacuum.world:action 'suck' succeeded!
INFO:vacuum.world:room (np.int64(2), np.int64(0)) is cleaned!
INFO:vacuum.world:action: 'suck'
INFO:vacuum.world:agent dusting clean room 
INFO:vacuum.world:action 'suck' succeeded!
INFO:vacuum.world:action: 'right'
INFO:vacuum.world:action 'right' succeeded!
INFO:vacuum.world:can't move out of boundry, staying in (np.int64(2), np.int64(0))
INFO:vacuum.world:action: 'right'
INFO:vacuum.world:action 'right' succeeded!
INFO:vacuum.world:can't move out of boundry, staying in (np.int64(2), np.int64(0))
INFO:vacuum.world:action: 'up'
INFO:vacuum.world:action 'up' failed!
INFO:vacuum.world:movement failed! (Murphy law) :(
INFO:vacuum.world:action: 'up'
INFO:vacuum.world:action 'up' succeeded!
INFO:vacuum.world:can't move out of boundry, staying in (np.int64(2), np.int64(0))
INFO:vacuum.world:action: 'suck'
INFO:vacuum.world:agent dusting clean room 
INFO:vacuum.world:action 'suck' succeeded!
INFO:vacuum.world:action: 'suck'
INFO:vacuum.world:agent dusting clean room 
INFO:vacuum.world:action 'suck' succeeded!
INFO:vacuum.world:action: 'down'
INFO:vacuum.world:action 'down' succeeded!
INFO:vacuum.world:agent moved to (2,1)
INFO:vacuum.world:action: 'down'
INFO:vacuum.world:action 'down' succeeded!
INFO:vacuum.world:agent moved to (2,2)
INFO:vacuum.world:action: 'suck'
INFO:vacuum.world:agent dusting clean room 
INFO:vacuum.world:action 'suck' succeeded!
INFO:vacuum.world:action: 'suck'
INFO:vacuum.world:agent dusting clean room 
INFO:vacuum.world:action 'suck' succeeded!
INFO:vacuum.world:action: 'down'
INFO:vacuum.world:action 'down' succeeded!
INFO:vacuum.world:can't move out of boundry, staying in (np.int64(2), np.int64(2))
INFO:vacuum.world:action: 'down'
INFO:vacuum.world:action 'down' succeeded!
INFO:vacuum.world:can't move out of boundry, staying in (np.int64(2), np.int64(2))
INFO:vacuum.world:action: 'right'
INFO:vacuum.world:action 'right' succeeded!
INFO:vacuum.world:can't move out of boundry, staying in (np.int64(2), np.int64(2))
INFO:vacuum.world:action: 'right'
INFO:vacuum.world:action 'right' succeeded!
INFO:vacuum.world:can't move out of boundry, staying in (np.int64(2), np.int64(2))
INFO:vacuum.world:action: 'suck'
INFO:vacuum.world:agent dusting clean room 
INFO:vacuum.world:action 'suck' succeeded!
INFO:vacuum.world:action: 'suck'
INFO:vacuum.world:agent dusting clean room 
INFO:vacuum.world:action 'suck' succeeded!
INFO:vacuum.world:action: 'up'
INFO:vacuum.world:action 'up' succeeded!
INFO:vacuum.world:agent moved to (2,1)
INFO:vacuum.world:action: 'up'
INFO:vacuum.world:action 'up' succeeded!
INFO:vacuum.world:agent moved to (2,0)
INFO:vacuum.world:action: 'down'
INFO:vacuum.world:action 'down' succeeded!
INFO:vacuum.world:agent moved to (2,1)
INFO:vacuum.world:action: 'down'
INFO:vacuum.world:action 'down' succeeded!
INFO:vacuum.world:agent moved to (2,2)
INFO:vacuum.world:action: 'left'
INFO:vacuum.world:action 'left' succeeded!
INFO:vacuum.world:agent moved to (1,2)
INFO:vacuum.world:action: 'left'
INFO:vacuum.world:action 'left' succeeded!
INFO:vacuum.world:agent moved to (0,2)
INFO:vacuum.world:action: 'suck'
INFO:vacuum.world:agent dusting clean room 
INFO:vacuum.world:action 'suck' succeeded!
INFO:vacuum.world:action: 'suck'
INFO:vacuum.world:agent dusting clean room 
INFO:vacuum.world:action 'suck' succeeded!
INFO:vacuum.world:action: 'down'
INFO:vacuum.world:action 'down' succeeded!
INFO:vacuum.world:can't move out of boundry, staying in (np.int64(0), np.int64(2))
INFO:vacuum.world:action: 'down'
INFO:vacuum.world:action 'down' succeeded!
INFO:vacuum.world:can't move out of boundry, staying in (np.int64(0), np.int64(2))
INFO:vacuum.world:action: 'right'
INFO:vacuum.world:action 'right' succeeded!
INFO:vacuum.world:agent moved to (1,2)
INFO:vacuum.world:action: 'right'
INFO:vacuum.world:action 'right' succeeded!
INFO:vacuum.world:agent moved to (2,2)
INFO:vacuum.world:action: 'left'
INFO:vacuum.world:action 'left' succeeded!
INFO:vacuum.world:agent moved to (1,2)
INFO:vacuum.world:action: 'left'
INFO:vacuum.world:action 'left' succeeded!
INFO:vacuum.world:agent moved to (0,2)
INFO:vacuum.world:action: 'up'
INFO:vacuum.world:action 'up' failed!
INFO:vacuum.world:movement failed! (Murphy law) :(
INFO:vacuum.world:action: 'up'
INFO:vacuum.world:action 'up' succeeded!
INFO:vacuum.world:agent moved to (0,1)
INFO:vacuum.world:action: 'suck'
INFO:vacuum.world:action 'suck' succeeded!
INFO:vacuum.world:room (np.int64(0), np.int64(1)) is cleaned!
INFO:vacuum.world:action: 'suck'
INFO:vacuum.world:agent dusting clean room 
INFO:vacuum.world:action 'suck' succeeded!
INFO:vacuum.world:action: 'suck'
INFO:vacuum.world:agent dusting clean room 
INFO:vacuum.world:action 'suck' succeeded!
INFO:vacuum.world:action: 'suck'
INFO:vacuum.world:agent dusting clean room 
INFO:vacuum.world:action 'suck' failed!
INFO:vacuum.world:agent throws dirt in clean room (np.int64(0), np.int64(1))!
INFO:vacuum.world:action: 'suck'
INFO:vacuum.world:action 'suck' succeeded!
INFO:vacuum.world:room (np.int64(0), np.int64(1)) is cleaned!
INFO:vacuum.world:action: 'suck'
INFO:vacuum.world:agent dusting clean room 
INFO:vacuum.world:action 'suck' succeeded!
INFO:vacuum.world:action: 'down'
INFO:vacuum.world:action 'down' succeeded!
INFO:vacuum.world:agent moved to (0,2)
INFO:vacuum.world:action: 'down'
INFO:vacuum.world:action 'down' succeeded!
INFO:vacuum.world:can't move out of boundry, staying in (np.int64(0), np.int64(2))
INFO:vacuum.world:action: 'left'
INFO:vacuum.world:action 'left' succeeded!
INFO:vacuum.world:can't move out of boundry, staying in (np.int64(0), np.int64(2))
INFO:vacuum.world:action: 'left'
INFO:vacuum.world:action 'left' failed!
INFO:vacuum.world:movement failed! (Murphy law) :(
INFO:vacuum.world:action: 'left'
INFO:vacuum.world:action 'left' succeeded!
INFO:vacuum.world:can't move out of boundry, staying in (np.int64(0), np.int64(2))
INFO:vacuum.world:action: 'left'
INFO:vacuum.world:action 'left' succeeded!
INFO:vacuum.world:can't move out of boundry, staying in (np.int64(0), np.int64(2))
INFO:vacuum.world:action: 'left'
INFO:vacuum.world:action 'left' failed!
INFO:vacuum.world:movement failed! (Murphy law) :(
INFO:vacuum.world:action: 'left'
INFO:vacuum.world:action 'left' succeeded!
INFO:vacuum.world:can't move out of boundry, staying in (np.int64(0), np.int64(2))
INFO:vacuum.world:action: 'suck'
INFO:vacuum.world:agent dusting clean room 
INFO:vacuum.world:action 'suck' succeeded!
INFO:vacuum.world:action: 'suck'
INFO:vacuum.world:agent dusting clean room 
INFO:vacuum.world:action 'suck' succeeded!
INFO:vacuum.world:action: 'left'
INFO:vacuum.world:action 'left' succeeded!
INFO:vacuum.world:can't move out of boundry, staying in (np.int64(0), np.int64(2))
INFO:vacuum.world:action: 'left'
INFO:vacuum.world:action 'left' succeeded!
INFO:vacuum.world:can't move out of boundry, staying in (np.int64(0), np.int64(2))
INFO:vacuum.world:action: 'down'
INFO:vacuum.world:action 'down' succeeded!
INFO:vacuum.world:can't move out of boundry, staying in (np.int64(0), np.int64(2))
INFO:vacuum.world:action: 'down'
INFO:vacuum.world:action 'down' failed!
INFO:vacuum.world:movement failed! (Murphy law) :(
INFO:vacuum.world:action: 'up'
INFO:vacuum.world:action 'up' succeeded!
INFO:vacuum.world:agent moved to (0,1)
INFO:vacuum.world:action: 'up'
INFO:vacuum.world:action 'up' succeeded!
INFO:vacuum.world:agent moved to (0,0)
INFO:vacuum.world:action: 'suck'
INFO:vacuum.world:agent dusting clean room 
INFO:vacuum.world:action 'suck' succeeded!
INFO:vacuum.world:action: 'suck'
INFO:vacuum.world:agent dusting clean room 
INFO:vacuum.world:action 'suck' succeeded!
INFO:vacuum.world:action: 'down'
INFO:vacuum.world:action 'down' succeeded!
INFO:vacuum.world:agent moved to (0,1)
INFO:vacuum.world:action: 'down'
INFO:vacuum.world:action 'down' succeeded!
INFO:vacuum.world:agent moved to (0,2)
INFO:vacuum.world:action: 'up'
INFO:vacuum.world:action 'up' succeeded!
INFO:vacuum.world:agent moved to (0,1)
INFO:vacuum.world:action: 'up'
INFO:vacuum.world:action 'up' succeeded!
INFO:vacuum.world:agent moved to (0,0)
INFO:vacuum.world:action: 'right'
INFO:vacuum.world:action 'right' succeeded!
INFO:vacuum.world:agent moved to (1,0)
INFO:vacuum.world:action: 'right'
INFO:vacuum.world:action 'right' succeeded!
INFO:vacuum.world:agent moved to (2,0)
INFO:vacuum.world:action: 'left'
INFO:vacuum.world:action 'left' succeeded!
INFO:vacuum.world:agent moved to (1,0)
INFO:vacuum.world:action: 'left'
INFO:vacuum.world:action 'left' succeeded!
INFO:vacuum.world:agent moved to (0,0)
INFO:vacuum.world:action: 'right'
INFO:vacuum.world:action 'right' succeeded!
INFO:vacuum.world:agent moved to (1,0)
INFO:vacuum.world:action: 'right'
INFO:vacuum.world:action 'right' succeeded!
INFO:vacuum.world:agent moved to (2,0)
INFO:vacuum.world:action: 'left'
INFO:vacuum.world:action 'left' succeeded!
INFO:vacuum.world:agent moved to (1,0)
INFO:vacuum.world:action: 'left'
INFO:vacuum.world:action 'left' succeeded!
INFO:vacuum.world:agent moved to (0,0)
INFO:vacuum.world:action: 'up'
INFO:vacuum.world:action 'up' succeeded!
INFO:vacuum.world:can't move out of boundry, staying in (np.int64(0), np.int64(0))
INFO:vacuum.world:action: 'up'
INFO:vacuum.world:action 'up' succeeded!
INFO:vacuum.world:can't move out of boundry, staying in (np.int64(0), np.int64(0))
INFO:vacuum.world:action: 'left'
INFO:vacuum.world:action 'left' succeeded!
INFO:vacuum.world:can't move out of boundry, staying in (np.int64(0), np.int64(0))
INFO:vacuum.world:action: 'left'
INFO:vacuum.world:action 'left' succeeded!
INFO:vacuum.world:can't move out of boundry, staying in (np.int64(0), np.int64(0))
INFO:vacuum.world:action: 'suck'
INFO:vacuum.world:agent dusting clean room 
INFO:vacuum.world:action 'suck' succeeded!
INFO:vacuum.world:action: 'suck'
INFO:vacuum.world:agent dusting clean room 
INFO:vacuum.world:action 'suck' succeeded!
INFO:vacuum.world:action: 'right'
INFO:vacuum.world:action 'right' failed!
INFO:vacuum.world:movement failed! (Murphy law) :(
INFO:vacuum.world:action: 'right'
INFO:vacuum.world:action 'right' succeeded!
INFO:vacuum.world:agent moved to (1,0)
INFO:vacuum.world:action: 'suck'
INFO:vacuum.world:action 'suck' succeeded!
INFO:vacuum.world:room (np.int64(1), np.int64(0)) is cleaned!
INFO:vacuum.world:action: 'suck'
INFO:vacuum.world:agent dusting clean room 
INFO:vacuum.world:action 'suck' succeeded!
INFO:vacuum.world:action: 'suck'
INFO:vacuum.world:agent dusting clean room 
INFO:vacuum.world:action 'suck' succeeded!
INFO:vacuum.world:action: 'suck'
INFO:vacuum.world:agent dusting clean room 
INFO:vacuum.world:action 'suck' succeeded!
INFO:vacuum.world:action: 'suck'
INFO:vacuum.world:agent dusting clean room 
INFO:vacuum.world:action 'suck' succeeded!
INFO:vacuum.world:action: 'suck'
INFO:vacuum.world:agent dusting clean room 
INFO:vacuum.world:action 'suck' succeeded!
INFO:vacuum.world:action: 'suck'
INFO:vacuum.world:agent dusting clean room 
INFO:vacuum.world:action 'suck' succeeded!
INFO:vacuum.world:action: 'suck'
INFO:vacuum.world:agent dusting clean room 
INFO:vacuum.world:action 'suck' succeeded!
INFO:vacuum.world:action: 'suck'
INFO:vacuum.world:agent dusting clean room 
INFO:vacuum.world:action 'suck' succeeded!
INFO:vacuum.world:action: 'suck'
INFO:vacuum.world:agent dusting clean room 
INFO:vacuum.world:action 'suck' succeeded!
INFO:vacuum.world:action: 'suck'
INFO:vacuum.world:agent dusting clean room 
INFO:vacuum.world:action 'suck' succeeded!
INFO:vacuum.world:action: 'suck'
INFO:vacuum.world:agent dusting clean room 
INFO:vacuum.world:action 'suck' succeeded!
INFO:vacuum.world:action: 'suck'
INFO:vacuum.world:agent dusting clean room 
INFO:vacuum.world:action 'suck' succeeded!
INFO:vacuum.world:action: 'suck'
INFO:vacuum.world:agent dusting clean room 
INFO:vacuum.world:action 'suck' succeeded!
INFO:vacuum.world:action: 'suck'
INFO:vacuum.world:agent dusting clean room 
INFO:vacuum.world:action 'suck' failed!
INFO:vacuum.world:agent throws dirt in clean room (np.int64(1), np.int64(0))!
INFO:vacuum.world:action: 'suck'
INFO:vacuum.world:action 'suck' succeeded!
INFO:vacuum.world:room (np.int64(1), np.int64(0)) is cleaned!
INFO:vacuum.world:action: 'suck'
INFO:vacuum.world:agent dusting clean room 
INFO:vacuum.world:action 'suck' succeeded!
INFO:vacuum.world:action: 'suck'
INFO:vacuum.world:agent dusting clean room 
INFO:vacuum.world:action 'suck' failed!
INFO:vacuum.world:agent throws dirt in clean room (np.int64(1), np.int64(0))!
INFO:vacuum.world:action: 'suck'
INFO:vacuum.world:action 'suck' succeeded!
INFO:vacuum.world:room (np.int64(1), np.int64(0)) is cleaned!
INFO:vacuum.world:action: 'suck'
INFO:vacuum.world:agent dusting clean room 
INFO:vacuum.world:action 'suck' failed!
INFO:vacuum.world:agent throws dirt in clean room (np.int64(1), np.int64(0))!
INFO:vacuum.world:action: 'suck'
INFO:vacuum.world:action 'suck' succeeded!
INFO:vacuum.world:room (np.int64(1), np.int64(0)) is cleaned!
INFO:vacuum.world:action: 'suck'
INFO:vacuum.world:agent dusting clean room 
INFO:vacuum.world:action 'suck' succeeded!
INFO:vacuum.world:action: 'suck'
INFO:vacuum.world:agent dusting clean room 
INFO:vacuum.world:action 'suck' succeeded!
INFO:vacuum.world:action: 'suck'
INFO:vacuum.world:agent dusting clean room 
INFO:vacuum.world:action 'suck' failed!
INFO:vacuum.world:agent throws dirt in clean room (np.int64(1), np.int64(0))!
INFO:vacuum.world:action: 'suck'
INFO:vacuum.world:action 'suck' succeeded!
INFO:vacuum.world:room (np.int64(1), np.int64(0)) is cleaned!
INFO:vacuum.world:action: 'suck'
INFO:vacuum.world:agent dusting clean room 
INFO:vacuum.world:action 'suck' failed!
INFO:vacuum.world:agent throws dirt in clean room (np.int64(1), np.int64(0))!
INFO:vacuum.world:action: 'suck'
INFO:vacuum.world:action 'suck' succeeded!
INFO:vacuum.world:room (np.int64(1), np.int64(0)) is cleaned!
INFO:vacuum.world:action: 'suck'
INFO:vacuum.world:agent dusting clean room 
INFO:vacuum.world:action 'suck' succeeded!
INFO:vacuum.world:action: 'suck'
INFO:vacuum.world:agent dusting clean room 
INFO:vacuum.world:action 'suck' succeeded!
INFO:vacuum.world:action: 'suck'
INFO:vacuum.world:agent dusting clean room 
INFO:vacuum.world:action 'suck' succeeded!
INFO:vacuum.world:action: 'suck'
INFO:vacuum.world:agent dusting clean room 
INFO:vacuum.world:action 'suck' succeeded!
INFO:vacuum.world:action: 'suck'
INFO:vacuum.world:agent dusting clean room 
INFO:vacuum.world:action 'suck' succeeded!
INFO:vacuum.world:action: 'suck'
INFO:vacuum.world:agent dusting clean room 
INFO:vacuum.world:action 'suck' succeeded!
INFO:vacuum.world:action: 'suck'
INFO:vacuum.world:agent dusting clean room 
INFO:vacuum.world:action 'suck' succeeded!
INFO:vacuum.world:action: 'suck'
INFO:vacuum.world:agent dusting clean room 
INFO:vacuum.world:action 'suck' succeeded!
INFO:vacuum.world:action: 'suck'
INFO:vacuum.world:agent dusting clean room 
INFO:vacuum.world:action 'suck' succeeded!
INFO:vacuum.world:action: 'suck'
INFO:vacuum.world:agent dusting clean room 
INFO:vacuum.world:action 'suck' succeeded!
INFO:vacuum.world:action: 'suck'
INFO:vacuum.world:agent dusting clean room 
INFO:vacuum.world:action 'suck' succeeded!
INFO:vacuum.world:action: 'suck'
INFO:vacuum.world:agent dusting clean room 
INFO:vacuum.world:action 'suck' succeeded!
INFO:vacuum.world:action: 'suck'
INFO:vacuum.world:agent dusting clean room 
INFO:vacuum.world:action 'suck' succeeded!
INFO:vacuum.world:action: 'suck'
INFO:vacuum.world:agent dusting clean room 
INFO:vacuum.world:action 'suck' succeeded!
INFO:vacuum.world:action: 'suck'
INFO:vacuum.world:agent dusting clean room 
INFO:vacuum.world:action 'suck' succeeded!
INFO:vacuum.world:action: 'suck'
INFO:vacuum.world:agent dusting clean room 
INFO:vacuum.world:action 'suck' succeeded!
INFO:vacuum.world:action: 'suck'
INFO:vacuum.world:agent dusting clean room 
INFO:vacuum.world:action 'suck' succeeded!
INFO:vacuum.world:action: 'suck'
INFO:vacuum.world:agent dusting clean room 
INFO:vacuum.world:action 'suck' succeeded!
INFO:vacuum.world:action: 'suck'
INFO:vacuum.world:agent dusting clean room 
INFO:vacuum.world:action 'suck' succeeded!
INFO:vacuum.world:action: 'suck'
INFO:vacuum.world:agent dusting clean room 
INFO:vacuum.world:action 'suck' succeeded!
INFO:vacuum.world:action: 'suck'
INFO:vacuum.world:agent dusting clean room 
INFO:vacuum.world:action 'suck' succeeded!
INFO:vacuum.world:action: 'suck'
INFO:vacuum.world:agent dusting clean room 
INFO:vacuum.world:action 'suck' succeeded!
INFO:vacuum.world:action: 'suck'
INFO:vacuum.world:agent dusting clean room 
INFO:vacuum.world:action 'suck' succeeded!
INFO:vacuum.world:action: 'suck'
INFO:vacuum.world:agent dusting clean room 
INFO:vacuum.world:action 'suck' succeeded!
INFO:vacuum.world:action: 'suck'
INFO:vacuum.world:agent dusting clean room 
INFO:vacuum.world:action 'suck' succeeded!
INFO:vacuum.world:action: 'suck'
INFO:vacuum.world:agent dusting clean room 
INFO:vacuum.world:action 'suck' failed!
INFO:vacuum.world:agent throws dirt in clean room (np.int64(1), np.int64(0))!
INFO:vacuum.world:action: 'suck'
INFO:vacuum.world:action 'suck' succeeded!
INFO:vacuum.world:room (np.int64(1), np.int64(0)) is cleaned!
INFO:vacuum.world:action: 'suck'
INFO:vacuum.world:agent dusting clean room 
INFO:vacuum.world:action 'suck' succeeded!
INFO:vacuum.world:action: 'suck'
INFO:vacuum.world:agent dusting clean room 
INFO:vacuum.world:action 'suck' succeeded!
INFO:vacuum.world:action: 'suck'
INFO:vacuum.world:agent dusting clean room 
INFO:vacuum.world:action 'suck' failed!
INFO:vacuum.world:agent throws dirt in clean room (np.int64(1), np.int64(0))!
INFO:vacuum.world:action: 'suck'
INFO:vacuum.world:action 'suck' succeeded!
INFO:vacuum.world:room (np.int64(1), np.int64(0)) is cleaned!
INFO:vacuum.world:action: 'suck'
INFO:vacuum.world:agent dusting clean room 
INFO:vacuum.world:action 'suck' failed!
INFO:vacuum.world:agent throws dirt in clean room (np.int64(1), np.int64(0))!
INFO:vacuum.world:action: 'suck'
INFO:vacuum.world:action 'suck' succeeded!
INFO:vacuum.world:room (np.int64(1), np.int64(0)) is cleaned!
INFO:vacuum.world:action: 'suck'
INFO:vacuum.world:agent dusting clean room 
INFO:vacuum.world:action 'suck' succeeded!
INFO:vacuum.world:action: 'suck'
INFO:vacuum.world:agent dusting clean room 
INFO:vacuum.world:action 'suck' succeeded!
INFO:vacuum.world:action: 'suck'
INFO:vacuum.world:agent dusting clean room 
INFO:vacuum.world:action 'suck' succeeded!
INFO:vacuum.world:action: 'suck'
INFO:vacuum.world:agent dusting clean room 
INFO:vacuum.world:action 'suck' succeeded!
INFO:vacuum.world:action: 'suck'
INFO:vacuum.world:agent dusting clean room 
INFO:vacuum.world:action 'suck' succeeded!
INFO:vacuum.world:action: 'suck'
INFO:vacuum.world:agent dusting clean room 
INFO:vacuum.world:action 'suck' failed!
INFO:vacuum.world:agent throws dirt in clean room (np.int64(1), np.int64(0))!
INFO:vacuum.world:action: 'suck'
INFO:vacuum.world:action 'suck' succeeded!
INFO:vacuum.world:room (np.int64(1), np.int64(0)) is cleaned!
INFO:vacuum.world:action: 'suck'
INFO:vacuum.world:agent dusting clean room 
INFO:vacuum.world:action 'suck' succeeded!
INFO:vacuum.world:action: 'suck'
INFO:vacuum.world:agent dusting clean room 
INFO:vacuum.world:action 'suck' succeeded!
INFO:vacuum.world:action: 'suck'
INFO:vacuum.world:agent dusting clean room 
INFO:vacuum.world:action 'suck' succeeded!
INFO:vacuum.world:action: 'suck'
INFO:vacuum.world:agent dusting clean room 
INFO:vacuum.world:action 'suck' succeeded!
INFO:vacuum.world:action: 'suck'
INFO:vacuum.world:agent dusting clean room 
INFO:vacuum.world:action 'suck' succeeded!
INFO:vacuum.world:action: 'suck'
INFO:vacuum.world:agent dusting clean room 
INFO:vacuum.world:action 'suck' succeeded!
INFO:vacuum.world:action: 'suck'
INFO:vacuum.world:agent dusting clean room 
INFO:vacuum.world:action 'suck' succeeded!
INFO:vacuum.world:action: 'suck'
INFO:vacuum.world:agent dusting clean room 
INFO:vacuum.world:action 'suck' succeeded!
INFO:vacuum.world:action: 'suck'
INFO:vacuum.world:agent dusting clean room 
INFO:vacuum.world:action 'suck' succeeded!
INFO:vacuum.world:action: 'suck'
INFO:vacuum.world:agent dusting clean room 
INFO:vacuum.world:action 'suck' succeeded!
INFO:vacuum.world:action: 'suck'
INFO:vacuum.world:agent dusting clean room 
INFO:vacuum.world:action 'suck' succeeded!
INFO:vacuum.world:action: 'suck'
INFO:vacuum.world:agent dusting clean room 
INFO:vacuum.world:action 'suck' succeeded!
INFO:vacuum.world:action: 'suck'
INFO:vacuum.world:agent dusting clean room 
INFO:vacuum.world:action 'suck' succeeded!
INFO:vacuum.world:action: 'suck'
INFO:vacuum.world:agent dusting clean room 
INFO:vacuum.world:action 'suck' succeeded!
INFO:vacuum.world:action: 'suck'
INFO:vacuum.world:agent dusting clean room 
INFO:vacuum.world:action 'suck' succeeded!
INFO:vacuum.world:action: 'suck'
INFO:vacuum.world:agent dusting clean room 
INFO:vacuum.world:action 'suck' succeeded!
INFO:vacuum.world:action: 'suck'
INFO:vacuum.world:agent dusting clean room 
INFO:vacuum.world:action 'suck' succeeded!
INFO:vacuum.world:action: 'suck'
INFO:vacuum.world:agent dusting clean room 
INFO:vacuum.world:action 'suck' succeeded!
INFO:vacuum.world:action: 'suck'
INFO:vacuum.world:agent dusting clean room 
INFO:vacuum.world:action 'suck' succeeded!
INFO:vacuum.world:action: 'right'
INFO:vacuum.world:action 'right' succeeded!
INFO:vacuum.world:agent moved to (2,0)
INFO:vacuum.world:action: 'right'
INFO:vacuum.world:action 'right' succeeded!
INFO:vacuum.world:can't move out of boundry, staying in (np.int64(2), np.int64(0))
INFO:vacuum.world:action: 'left'
INFO:vacuum.world:action 'left' succeeded!
INFO:vacuum.world:agent moved to (1,0)
INFO:vacuum.world:action: 'left'
INFO:vacuum.world:action 'left' succeeded!
INFO:vacuum.world:agent moved to (0,0)
INFO:vacuum.world:action: 'up'
INFO:vacuum.world:action 'up' succeeded!
INFO:vacuum.world:can't move out of boundry, staying in (np.int64(0), np.int64(0))
INFO:vacuum.world:action: 'up'
INFO:vacuum.world:action 'up' succeeded!
INFO:vacuum.world:can't move out of boundry, staying in (np.int64(0), np.int64(0))
INFO:vacuum.world:action: 'up'
INFO:vacuum.world:action 'up' succeeded!
INFO:vacuum.world:can't move out of boundry, staying in (np.int64(0), np.int64(0))
INFO:vacuum.world:action: 'up'
INFO:vacuum.world:action 'up' succeeded!
INFO:vacuum.world:can't move out of boundry, staying in (np.int64(0), np.int64(0))
INFO:vacuum.world:action: 'up'
INFO:vacuum.world:action 'up' succeeded!
INFO:vacuum.world:can't move out of boundry, staying in (np.int64(0), np.int64(0))
INFO:vacuum.world:action: 'up'
INFO:vacuum.world:action 'up' succeeded!
INFO:vacuum.world:can't move out of boundry, staying in (np.int64(0), np.int64(0))
INFO:vacuum.world:action: 'up'
INFO:vacuum.world:action 'up' succeeded!
INFO:vacuum.world:can't move out of boundry, staying in (np.int64(0), np.int64(0))
INFO:vacuum.world:action: 'up'
INFO:vacuum.world:action 'up' succeeded!
INFO:vacuum.world:can't move out of boundry, staying in (np.int64(0), np.int64(0))
INFO:vacuum.world:action: 'up'
INFO:vacuum.world:action 'up' succeeded!
INFO:vacuum.world:can't move out of boundry, staying in (np.int64(0), np.int64(0))
INFO:vacuum.world:action: 'up'
INFO:vacuum.world:action 'up' failed!
INFO:vacuum.world:movement failed! (Murphy law) :(
INFO:vacuum.world:action: 'up'
INFO:vacuum.world:action 'up' succeeded!
INFO:vacuum.world:can't move out of boundry, staying in (np.int64(0), np.int64(0))
INFO:vacuum.world:action: 'up'
INFO:vacuum.world:action 'up' succeeded!
INFO:vacuum.world:can't move out of boundry, staying in (np.int64(0), np.int64(0))
