INFO:vacuum.world:env reset:
INFO:vacuum.world:rooms 12, clean 8, dirty 4
INFO:vacuum.world:agent start location [1 3]
INFO:__main__:{'grid': array([['.', 'x', '#', 'x'],
       ['#', 'x', '#', '.'],
       ['.', '.', '.', '.'],
       ['.', '.', 'x', '#']], dtype='<U1'), 'dirt_comeback': False, 'dirt_proba': 0.09, 'murphy_proba': 0.11, 'location_sensor': True, 'episode_max_steps': 100, 'render_mode': 'human'}
INFO:__main__:[info] map:'vacuum-12rooms-v0'' policy:'random' location_sensor:'True' eps:1		 max_steps:100
INFO:vacuum.world:env reset:
INFO:vacuum.world:rooms 12, clean 3, dirty 9
INFO:vacuum.world:agent start location [0 0]
INFO:vacuum.world:action: 'left'
INFO:vacuum.world:action 'left' succeeded!
INFO:vacuum.world:can't move out of boundry, staying in (0, 0)
INFO:vacuum.world:action: 'right'
INFO:vacuum.world:action 'right' succeeded!
INFO:vacuum.world:agent moved to (1,0)
INFO:vacuum.world:action: 'right'
INFO:vacuum.world:action 'right' succeeded!
INFO:vacuum.world:can't move to (2,0)! black room
INFO:vacuum.world:action: 'suck'
INFO:vacuum.world:action 'suck' succeeded!
INFO:vacuum.world:room (1, 0) is cleaned!
INFO:vacuum.world:action: 'suck'
INFO:vacuum.world:agent dusting clean room 
INFO:vacuum.world:action 'suck' succeeded!
INFO:vacuum.world:action: 'suck'
INFO:vacuum.world:agent dusting clean room 
INFO:vacuum.world:action 'suck' succeeded!
INFO:vacuum.world:action: 'up'
INFO:vacuum.world:action 'up' succeeded!
INFO:vacuum.world:can't move out of boundry, staying in (1, 0)
INFO:vacuum.world:action: 'right'
INFO:vacuum.world:action 'right' succeeded!
INFO:vacuum.world:can't move to (2,0)! black room
INFO:vacuum.world:action: 'left'
INFO:vacuum.world:action 'left' succeeded!
INFO:vacuum.world:agent moved to (0,0)
INFO:vacuum.world:action: 'right'
INFO:vacuum.world:action 'right' succeeded!
INFO:vacuum.world:agent moved to (1,0)
INFO:vacuum.world:action: 'right'
INFO:vacuum.world:action 'right' succeeded!
INFO:vacuum.world:can't move to (2,0)! black room
INFO:vacuum.world:action: 'left'
INFO:vacuum.world:action 'left' succeeded!
INFO:vacuum.world:agent moved to (0,0)
INFO:vacuum.world:action: 'up'
INFO:vacuum.world:action 'up' succeeded!
INFO:vacuum.world:can't move out of boundry, staying in (0, 0)
INFO:vacuum.world:action: 'right'
INFO:vacuum.world:action 'right' succeeded!
INFO:vacuum.world:agent moved to (1,0)
INFO:vacuum.world:action: 'right'
INFO:vacuum.world:action 'right' succeeded!
INFO:vacuum.world:can't move to (2,0)! black room
INFO:vacuum.world:action: 'right'
INFO:vacuum.world:action 'right' succeeded!
INFO:vacuum.world:can't move to (2,0)! black room
INFO:vacuum.world:action: 'left'
INFO:vacuum.world:action 'left' succeeded!
INFO:vacuum.world:agent moved to (0,0)
INFO:vacuum.world:action: 'suck'
INFO:vacuum.world:action 'suck' succeeded!
INFO:vacuum.world:room (0, 0) is cleaned!
INFO:vacuum.world:action: 'up'
INFO:vacuum.world:action 'up' succeeded!
INFO:vacuum.world:can't move out of boundry, staying in (0, 0)
INFO:vacuum.world:action: 'up'
INFO:vacuum.world:action 'up' succeeded!
INFO:vacuum.world:can't move out of boundry, staying in (0, 0)
INFO:vacuum.world:action: 'down'
INFO:vacuum.world:action 'down' succeeded!
INFO:vacuum.world:can't move to (0,1)! black room
INFO:vacuum.world:action: 'left'
INFO:vacuum.world:action 'left' succeeded!
INFO:vacuum.world:can't move out of boundry, staying in (0, 0)
INFO:vacuum.world:action: 'right'
INFO:vacuum.world:action 'right' succeeded!
INFO:vacuum.world:agent moved to (1,0)
INFO:vacuum.world:action: 'up'
INFO:vacuum.world:action 'up' succeeded!
INFO:vacuum.world:can't move out of boundry, staying in (1, 0)
INFO:vacuum.world:action: 'up'
INFO:vacuum.world:action 'up' succeeded!
INFO:vacuum.world:can't move out of boundry, staying in (1, 0)
INFO:vacuum.world:action: 'left'
INFO:vacuum.world:action 'left' succeeded!
INFO:vacuum.world:agent moved to (0,0)
INFO:vacuum.world:action: 'suck'
INFO:vacuum.world:agent dusting clean room 
INFO:vacuum.world:action 'suck' failed!
INFO:vacuum.world:agent throws dirt in clean room (0, 0)!
INFO:vacuum.world:action: 'left'
INFO:vacuum.world:action 'left' succeeded!
INFO:vacuum.world:can't move out of boundry, staying in (0, 0)
INFO:vacuum.world:action: 'right'
INFO:vacuum.world:action 'right' succeeded!
INFO:vacuum.world:agent moved to (1,0)
INFO:vacuum.world:action: 'suck'
INFO:vacuum.world:agent dusting clean room 
INFO:vacuum.world:action 'suck' succeeded!
INFO:vacuum.world:action: 'down'
INFO:vacuum.world:action 'down' succeeded!
INFO:vacuum.world:agent moved to (1,1)
INFO:vacuum.world:action: 'down'
INFO:vacuum.world:action 'down' failed!
INFO:vacuum.world:movement failed! (Murphy law) :(
INFO:vacuum.world:action: 'down'
INFO:vacuum.world:action 'down' succeeded!
INFO:vacuum.world:agent moved to (1,2)
INFO:vacuum.world:action: 'up'
INFO:vacuum.world:action 'up' succeeded!
INFO:vacuum.world:agent moved to (1,1)
INFO:vacuum.world:action: 'right'
INFO:vacuum.world:action 'right' succeeded!
INFO:vacuum.world:can't move to (2,1)! black room
INFO:vacuum.world:action: 'right'
INFO:vacuum.world:action 'right' succeeded!
INFO:vacuum.world:can't move to (2,1)! black room
INFO:vacuum.world:action: 'suck'
INFO:vacuum.world:action 'suck' succeeded!
INFO:vacuum.world:room (1, 1) is cleaned!
INFO:vacuum.world:action: 'right'
INFO:vacuum.world:action 'right' failed!
INFO:vacuum.world:movement failed! (Murphy law) :(
INFO:vacuum.world:action: 'up'
INFO:vacuum.world:action 'up' succeeded!
INFO:vacuum.world:agent moved to (1,0)
INFO:vacuum.world:action: 'down'
INFO:vacuum.world:action 'down' succeeded!
INFO:vacuum.world:agent moved to (1,1)
INFO:vacuum.world:action: 'down'
INFO:vacuum.world:action 'down' failed!
INFO:vacuum.world:movement failed! (Murphy law) :(
INFO:vacuum.world:action: 'left'
INFO:vacuum.world:action 'left' succeeded!
INFO:vacuum.world:can't move to (0,1)! black room
INFO:vacuum.world:action: 'up'
INFO:vacuum.world:action 'up' succeeded!
INFO:vacuum.world:agent moved to (1,0)
INFO:vacuum.world:action: 'left'
INFO:vacuum.world:action 'left' succeeded!
INFO:vacuum.world:agent moved to (0,0)
INFO:vacuum.world:action: 'down'
INFO:vacuum.world:action 'down' succeeded!
INFO:vacuum.world:can't move to (0,1)! black room
INFO:vacuum.world:action: 'up'
INFO:vacuum.world:action 'up' succeeded!
INFO:vacuum.world:can't move out of boundry, staying in (0, 0)
INFO:vacuum.world:action: 'left'
INFO:vacuum.world:action 'left' succeeded!
INFO:vacuum.world:can't move out of boundry, staying in (0, 0)
INFO:vacuum.world:action: 'right'
INFO:vacuum.world:action 'right' failed!
INFO:vacuum.world:movement failed! (Murphy law) :(
INFO:vacuum.world:action: 'left'
INFO:vacuum.world:action 'left' succeeded!
INFO:vacuum.world:can't move out of boundry, staying in (0, 0)
INFO:vacuum.world:action: 'up'
INFO:vacuum.world:action 'up' succeeded!
INFO:vacuum.world:can't move out of boundry, staying in (0, 0)
INFO:vacuum.world:action: 'up'
INFO:vacuum.world:action 'up' succeeded!
INFO:vacuum.world:can't move out of boundry, staying in (0, 0)
INFO:vacuum.world:action: 'down'
INFO:vacuum.world:action 'down' succeeded!
INFO:vacuum.world:can't move to (0,1)! black room
INFO:vacuum.world:action: 'left'
INFO:vacuum.world:action 'left' succeeded!
INFO:vacuum.world:can't move out of boundry, staying in (0, 0)
INFO:vacuum.world:action: 'right'
INFO:vacuum.world:action 'right' succeeded!
INFO:vacuum.world:agent moved to (1,0)
INFO:vacuum.world:action: 'up'
INFO:vacuum.world:action 'up' succeeded!
INFO:vacuum.world:can't move out of boundry, staying in (1, 0)
INFO:vacuum.world:action: 'left'
INFO:vacuum.world:action 'left' succeeded!
INFO:vacuum.world:agent moved to (0,0)
INFO:vacuum.world:action: 'right'
INFO:vacuum.world:action 'right' succeeded!
INFO:vacuum.world:agent moved to (1,0)
INFO:vacuum.world:action: 'down'
INFO:vacuum.world:action 'down' succeeded!
INFO:vacuum.world:agent moved to (1,1)
INFO:vacuum.world:action: 'suck'
INFO:vacuum.world:agent dusting clean room 
INFO:vacuum.world:action 'suck' succeeded!
INFO:vacuum.world:action: 'down'
INFO:vacuum.world:action 'down' succeeded!
INFO:vacuum.world:agent moved to (1,2)
INFO:vacuum.world:action: 'down'
INFO:vacuum.world:action 'down' succeeded!
INFO:vacuum.world:agent moved to (1,3)
INFO:vacuum.world:action: 'up'
INFO:vacuum.world:action 'up' succeeded!
INFO:vacuum.world:agent moved to (1,2)
INFO:vacuum.world:action: 'left'
INFO:vacuum.world:action 'left' succeeded!
INFO:vacuum.world:agent moved to (0,2)
INFO:vacuum.world:action: 'left'
INFO:vacuum.world:action 'left' succeeded!
INFO:vacuum.world:can't move out of boundry, staying in (0, 2)
INFO:vacuum.world:action: 'right'
INFO:vacuum.world:action 'right' succeeded!
INFO:vacuum.world:agent moved to (1,2)
INFO:vacuum.world:action: 'down'
INFO:vacuum.world:action 'down' succeeded!
INFO:vacuum.world:agent moved to (1,3)
INFO:vacuum.world:action: 'up'
INFO:vacuum.world:action 'up' succeeded!
INFO:vacuum.world:agent moved to (1,2)
INFO:vacuum.world:action: 'right'
INFO:vacuum.world:action 'right' succeeded!
INFO:vacuum.world:agent moved to (2,2)
INFO:vacuum.world:action: 'suck'
INFO:vacuum.world:agent dusting clean room 
INFO:vacuum.world:action 'suck' succeeded!
INFO:vacuum.world:action: 'suck'
INFO:vacuum.world:agent dusting clean room 
INFO:vacuum.world:action 'suck' succeeded!
INFO:vacuum.world:action: 'up'
INFO:vacuum.world:action 'up' failed!
INFO:vacuum.world:movement failed! (Murphy law) :(
INFO:vacuum.world:action: 'right'
INFO:vacuum.world:action 'right' succeeded!
INFO:vacuum.world:agent moved to (3,2)
INFO:vacuum.world:action: 'right'
INFO:vacuum.world:action 'right' succeeded!
INFO:vacuum.world:can't move out of boundry, staying in (3, 2)
INFO:vacuum.world:action: 'down'
INFO:vacuum.world:action 'down' succeeded!
INFO:vacuum.world:can't move to (3,3)! black room
INFO:vacuum.world:action: 'up'
INFO:vacuum.world:action 'up' succeeded!
INFO:vacuum.world:agent moved to (3,1)
INFO:vacuum.world:action: 'down'
INFO:vacuum.world:action 'down' succeeded!
INFO:vacuum.world:agent moved to (3,2)
INFO:vacuum.world:action: 'suck'
INFO:vacuum.world:action 'suck' succeeded!
INFO:vacuum.world:room (3, 2) is cleaned!
INFO:vacuum.world:action: 'left'
INFO:vacuum.world:action 'left' succeeded!
INFO:vacuum.world:agent moved to (2,2)
INFO:vacuum.world:action: 'suck'
INFO:vacuum.world:agent dusting clean room 
INFO:vacuum.world:action 'suck' succeeded!
INFO:vacuum.world:action: 'suck'
INFO:vacuum.world:agent dusting clean room 
INFO:vacuum.world:action 'suck' succeeded!
INFO:vacuum.world:action: 'up'
INFO:vacuum.world:action 'up' succeeded!
INFO:vacuum.world:can't move to (2,1)! black room
INFO:vacuum.world:action: 'right'
INFO:vacuum.world:action 'right' succeeded!
INFO:vacuum.world:agent moved to (3,2)
INFO:vacuum.world:action: 'down'
INFO:vacuum.world:action 'down' succeeded!
INFO:vacuum.world:can't move to (3,3)! black room
INFO:vacuum.world:action: 'up'
INFO:vacuum.world:action 'up' succeeded!
INFO:vacuum.world:agent moved to (3,1)
